==================================================================
  Micro-UXI Monitoring Controller  —  threaded multi-rate
==================================================================
  Device      : uno-q-01  @  ITS
  Interface   : wlan0
  Fast probe  : every 2s  (ping + DNS — catches S2/S3/S6 bursts)
  Telemetry   : every 30s  (full snapshot — S1/S4)
  Throughput  : every 60s  (download + upload — S5)
  Duration    : indefinite  (Ctrl+C to stop)
  Format      : JSONL
  Output dir  : /home/arduino/tugasakhir/micro-uxi/sensor/out
  Session ID  : 20260502T063152Z
==================================================================
  Fast probe prints only on anomaly. Telemetry every 30s.
==================================================================
[TEL #   1] 52.26468  wifi=UP    rssi= -53dBm  rtt=  32.23ms  loss=  0.0%
[TEL #   2] 22.26522  wifi=UP    rssi= -41dBm  rtt=  29.69ms  loss=  0.0%
[TEL #   3] 52.26568  wifi=UP    rssi= -45dBm  rtt=  30.08ms  loss=  0.0%
[THR #   1] 52.26820  DL avg=  0.000Mbps  p95=  0.000Mbps  runs=0/3 [FAIL]  UL avg= 64.593Mbps  runs=3/3 [OK]
[TEL #   4] 22.26615  wifi=UP    rssi= -55dBm  rtt=  32.00ms  loss=  0.0%
[TEL #   5] 52.26642  wifi=UP    rssi= -44dBm  rtt=  27.73ms  loss=  0.0%
[THR #   2] 52.26879  DL avg=  0.000Mbps  p95=  0.000Mbps  runs=0/3 [FAIL]  UL avg= 64.033Mbps  runs=3/3 [OK]
[TEL #   6] 22.26688  wifi=UP    rssi= -44dBm  rtt=  36.31ms  loss=  0.0%
[TEL #   7] 52.26736  wifi=UP    rssi= -56dBm  rtt=  28.55ms  loss=  0.0%
[FAST ⚠ #   96] 02.32050  wifi=UP  ping=FAIL  dns=google.com=FAIL  its.ac.id=FAIL
[FAST ⚠ #   97] 04.31859  wifi=UP  ping=FAIL  dns=google.com=FAIL  its.ac.id=FAIL
[FAST ⚠ #   98] 06.31958  wifi=UP  ping=FAIL  dns=google.com=FAIL  its.ac.id=FAIL
[FAST ⚠ #   99] 08.31911  wifi=UP  ping=FAIL  dns=google.com=FAIL  its.ac.id=FAIL
[FAST ERROR] no nameservers
[FAST ERROR] no nameservers
[FAST ERROR] no nameservers
[FAST ERROR] no nameservers
[FAST ERROR] no nameservers
[FAST ERROR] no nameservers
[FAST ERROR] no nameservers
[TEL #   8] 22.26779  wifi=DOWN  rssi=--  rtt=--  loss=--  dns_fail=its.ac.id,google.com,youtube.com  [4 fast anomalies]
[FAST ERROR] no nameservers
[FAST ERROR] no nameservers
[FAST ERROR] no nameservers
[FAST ERROR] no nameservers
[FAST ERROR] no nameservers
[FAST ERROR] no nameservers
[FAST ERROR] no nameservers
[FAST ERROR] no nameservers
[FAST ERROR] no nameservers
[FAST ERROR] no nameservers
[FAST ERROR] no nameservers
[FAST ERROR] no nameservers
[FAST ERROR] no nameservers
[FAST ERROR] no nameservers
[FAST ERROR] no nameservers
[TEL #   9] 52.26830  wifi=DOWN  rssi=--  rtt=--  loss=--  dns_fail=its.ac.id,google.com,youtube.com  [4 fast anomalies]
[FAST ERROR] no nameservers
[FAST ERROR] no nameservers
[FAST ERROR] no nameservers
[FAST ERROR] no nameservers
[FAST ERROR] no nameservers
[THR #   3] 52.26959  DL avg=  0.000Mbps  p95=  0.000Mbps  runs=0/3 [FAIL]  UL avg= 35.566Mbps  runs=1/3 [PARTIAL]
[FAST ERROR] no nameservers
[FAST ERROR] no nameservers
[FAST ERROR] no nameservers
[FAST ERROR] no nameservers
[THR #   4] 03.40938  DL avg=--  p95=--  runs=0/3 [FAIL]  UL avg=--  runs=0/3 [FAIL]
[FAST ERROR] no nameservers
[FAST ERROR] no nameservers
[TEL #  10] 22.26877  wifi=UP    rssi= -55dBm  rtt=  31.28ms  loss=  0.0%  [4 fast anomalies]
[TEL #  11] 52.26924  wifi=UP    rssi= -53dBm  rtt=  32.54ms  loss=  0.0%  [4 fast anomalies]
[THR #   5] 03.40986  DL avg=  0.000Mbps  p95=  0.000Mbps  runs=0/3 [FAIL]  UL avg= 64.354Mbps  runs=3/3 [OK]
[TEL #  12] 22.26970  wifi=UP    rssi= -46dBm  rtt=  31.44ms  loss=  0.0%  [4 fast anomalies]
[TEL #  13] 52.27017  wifi=UP    rssi= -57dBm  rtt=  33.07ms  loss=  0.0%  [4 fast anomalies]
[THR #   6] 03.41035  DL avg=  0.000Mbps  p95=  0.000Mbps  runs=0/3 [FAIL]  UL avg= 66.702Mbps  runs=3/3 [OK]
[TEL #  14] 22.27061  wifi=UP    rssi= -42dBm  rtt=  34.60ms  loss=  0.0%  [4 fast anomalies]
[TEL #  15] 52.27108  wifi=UP    rssi= -55dBm  rtt=  34.71ms  loss=  0.0%  [4 fast anomalies]
[THR #   7] 03.41084  DL avg=  0.000Mbps  p95=  0.000Mbps  runs=0/3 [FAIL]  UL avg= 64.202Mbps  runs=3/3 [OK]
[TEL #  16] 22.27154  wifi=UP    rssi= -43dBm  rtt=  29.75ms  loss=  0.0%  [4 fast anomalies]
[TEL #  17] 52.27202  wifi=UP    rssi= -46dBm  rtt=  31.61ms  loss=  0.0%  [4 fast anomalies]
